0 info it worked if it ends with ok
1 verbose cli [ 'node', '/usr/local/bin/npm', 'install', '-g', 'ioniac' ]
2 info using npm@1.4.28
3 info using node@v0.10.34
4 verbose cache add [ 'ioniac', null ]
5 verbose cache add name=undefined spec="ioniac" args=["ioniac",null]
6 verbose parsed url { protocol: null,
6 verbose parsed url   slashes: null,
6 verbose parsed url   auth: null,
6 verbose parsed url   host: null,
6 verbose parsed url   port: null,
6 verbose parsed url   hostname: null,
6 verbose parsed url   hash: null,
6 verbose parsed url   search: null,
6 verbose parsed url   query: null,
6 verbose parsed url   pathname: 'ioniac',
6 verbose parsed url   path: 'ioniac',
6 verbose parsed url   href: 'ioniac' }
7 silly lockFile 9cdbc4ca-ioniac ioniac
8 verbose lock ioniac /Users/ariel-ianfajardo/.npm/9cdbc4ca-ioniac.lock
9 silly lockFile 9cdbc4ca-ioniac ioniac
10 silly lockFile 9cdbc4ca-ioniac ioniac
11 verbose addNamed [ 'ioniac', '' ]
12 verbose addNamed [ null, '*' ]
13 silly lockFile d770b308-ioniac ioniac@
14 verbose lock ioniac@ /Users/ariel-ianfajardo/.npm/d770b308-ioniac.lock
15 silly addNameRange { name: 'ioniac', range: '*', hasData: false }
16 verbose request where is /ioniac
17 verbose request registry https://registry.npmjs.org/
18 verbose request id 80ba40b21c48bb39
19 verbose url raw /ioniac
20 verbose url resolving [ 'https://registry.npmjs.org/', './ioniac' ]
21 verbose url resolved https://registry.npmjs.org/ioniac
22 verbose request where is https://registry.npmjs.org/ioniac
23 info trying registry request attempt 1 at 15:45:57
24 http GET https://registry.npmjs.org/ioniac
25 http 404 https://registry.npmjs.org/ioniac
26 verbose headers { date: 'Wed, 25 Mar 2015 19:45:57 GMT',
26 verbose headers   server: 'CouchDB/1.5.0 (Erlang OTP/R16B03)',
26 verbose headers   'content-type': 'application/json',
26 verbose headers   'cache-control': 'max-age=0',
26 verbose headers   'content-length': '51',
26 verbose headers   'accept-ranges': 'bytes',
26 verbose headers   via: '1.1 varnish',
26 verbose headers   age: '0',
26 verbose headers   'x-served-by': 'cache-atl6223-ATL',
26 verbose headers   'x-cache': 'MISS',
26 verbose headers   'x-cache-hits': '0',
26 verbose headers   'x-timer': 'S1427312757.764942,VS0,VE40',
26 verbose headers   'keep-alive': 'timeout=10, max=50',
26 verbose headers   connection: 'Keep-Alive' }
27 silly registry.get cb [ 404,
27 silly registry.get   { date: 'Wed, 25 Mar 2015 19:45:57 GMT',
27 silly registry.get     server: 'CouchDB/1.5.0 (Erlang OTP/R16B03)',
27 silly registry.get     'content-type': 'application/json',
27 silly registry.get     'cache-control': 'max-age=0',
27 silly registry.get     'content-length': '51',
27 silly registry.get     'accept-ranges': 'bytes',
27 silly registry.get     via: '1.1 varnish',
27 silly registry.get     age: '0',
27 silly registry.get     'x-served-by': 'cache-atl6223-ATL',
27 silly registry.get     'x-cache': 'MISS',
27 silly registry.get     'x-cache-hits': '0',
27 silly registry.get     'x-timer': 'S1427312757.764942,VS0,VE40',
27 silly registry.get     'keep-alive': 'timeout=10, max=50',
27 silly registry.get     connection: 'Keep-Alive' } ]
28 silly lockFile d770b308-ioniac ioniac@
29 silly lockFile d770b308-ioniac ioniac@
30 error 404 404 Not Found: ioniac
30 error 404
30 error 404 'ioniac' is not in the npm registry.
30 error 404 You should bug the author to publish it
30 error 404
30 error 404 Note that you can also install from a
30 error 404 tarball, folder, or http url, or git url.
31 error System Darwin 14.3.0
32 error command "node" "/usr/local/bin/npm" "install" "-g" "ioniac"
33 error cwd /Users/ariel-ianfajardo/Documents/ionic/instagram
34 error node -v v0.10.34
35 error npm -v 1.4.28
36 error code E404
37 verbose exit [ 1, true ]
